Determining if the pthread_create exist failed with the following output:
Change Dir: /home/shubham/workspace/TAPL/build/CMakeFiles/CMakeTmp

Run Build Command:"/usr/bin/make" "cmTC_44881/fast"
make[1]: Entering directory '/home/shubham/workspace/TAPL/build/CMakeFiles/CMakeTmp'
/usr/bin/make -f CMakeFiles/cmTC_44881.dir/build.make CMakeFiles/cmTC_44881.dir/build
make[2]: Entering directory '/home/shubham/workspace/TAPL/build/CMakeFiles/CMakeTmp'
Building C object CMakeFiles/cmTC_44881.dir/CheckSymbolExists.c.o
/usr/bin/cc     -o CMakeFiles/cmTC_44881.dir/CheckSymbolExists.c.o   -c /home/shubham/workspace/TAPL/build/CMakeFiles/CMakeTmp/CheckSymbolExists.c
Linking C executable cmTC_44881
/usr/bin/cmake -E cmake_link_script CMakeFiles/cmTC_44881.dir/link.txt --verbose=1
/usr/bin/cc       CMakeFiles/cmTC_44881.dir/CheckSymbolExists.c.o  -o cmTC_44881 -rdynamic 
CMakeFiles/cmTC_44881.dir/CheckSymbolExists.c.o: In function `main':
CheckSymbolExists.c:(.text+0x16): undefined reference to `pthread_create'
collect2: error: ld returned 1 exit status
CMakeFiles/cmTC_44881.dir/build.make:97: recipe for target 'cmTC_44881' failed
make[2]: *** [cmTC_44881] Error 1
make[2]: Leaving directory '/home/shubham/workspace/TAPL/build/CMakeFiles/CMakeTmp'
Makefile:126: recipe for target 'cmTC_44881/fast' failed
make[1]: *** [cmTC_44881/fast] Error 2
make[1]: Leaving directory '/home/shubham/workspace/TAPL/build/CMakeFiles/CMakeTmp'

File /home/shubham/workspace/TAPL/build/CMakeFiles/CMakeTmp/CheckSymbolExists.c:
/* */
#include <pthread.h>

int main(int argc, char** argv)
{
  (void)argv;
#ifndef pthread_create
  return ((int*)(&pthread_create))[argc];
#else
  (void)argc;
  return 0;
#endif
}

Determining if the function pthread_create exists in the pthreads failed with the following output:
Change Dir: /home/shubham/workspace/TAPL/build/CMakeFiles/CMakeTmp

Run Build Command:"/usr/bin/make" "cmTC_07592/fast"
make[1]: Entering directory '/home/shubham/workspace/TAPL/build/CMakeFiles/CMakeTmp'
/usr/bin/make -f CMakeFiles/cmTC_07592.dir/build.make CMakeFiles/cmTC_07592.dir/build
make[2]: Entering directory '/home/shubham/workspace/TAPL/build/CMakeFiles/CMakeTmp'
Building C object CMakeFiles/cmTC_07592.dir/CheckFunctionExists.c.o
/usr/bin/cc    -DCHECK_FUNCTION_EXISTS=pthread_create   -o CMakeFiles/cmTC_07592.dir/CheckFunctionExists.c.o   -c /usr/share/cmake-3.5/Modules/CheckFunctionExists.c
Linking C executable cmTC_07592
/usr/bin/cmake -E cmake_link_script CMakeFiles/cmTC_07592.dir/link.txt --verbose=1
/usr/bin/cc   -DCHECK_FUNCTION_EXISTS=pthread_create    CMakeFiles/cmTC_07592.dir/CheckFunctionExists.c.o  -o cmTC_07592 -rdynamic -lpthreads 
/usr/bin/ld: cannot find -lpthreads
collect2: error: ld returned 1 exit status
CMakeFiles/cmTC_07592.dir/build.make:97: recipe for target 'cmTC_07592' failed
make[2]: *** [cmTC_07592] Error 1
make[2]: Leaving directory '/home/shubham/workspace/TAPL/build/CMakeFiles/CMakeTmp'
Makefile:126: recipe for target 'cmTC_07592/fast' failed
make[1]: *** [cmTC_07592/fast] Error 2
make[1]: Leaving directory '/home/shubham/workspace/TAPL/build/CMakeFiles/CMakeTmp'


